
0 0 was opened
0 1 was opened
0 2 was opened
0 3 was opened
0 4 was opened
1 0 was opened
1 1 was opened
1 2 was opened
1 3 was opened
1 4 was opened
2 0 was opened
2 1 was opened
2 2 was opened
2 3 was opened
2 4 was opened
3 0 was opened
3 1 was opened
3 2 was opened
3 3 was opened
3 4 was opened
4 0 was opened
4 1 was opened
4 2 was opened
4 3 was opened
4 4 was opened
0 0 was opened
0 1 was opened
0 2 was opened
0 3 was opened
0 4 was opened
1 0 was opened
1 1 was opened
1 2 was opened
1 3 was opened
1 4 was opened
2 0 was opened
2 1 was opened
2 2 was opened
2 3 was opened
2 4 was opened
3 0 was opened
3 1 was opened
3 2 was opened
3 3 was opened
3 4 was opened
4 0 was opened
4 1 was opened
4 2 was opened
4 3 was opened
4 4 was opened
0 0 was opened
0 1 was opened
0 2 was opened
0 3 was opened
0 4 was opened
1 0 was opened
1 1 was opened
1 2 was opened
1 3 was opened
1 4 was opened
2 0 was opened
2 1 was opened
2 2 was opened
2 3 was opened
2 4 was opened
3 0 was opened
3 1 was opened
3 2 was opened
3 3 was opened
3 4 was opened
4 0 was opened
4 1 was opened
4 2 was opened
4 3 was opened
4 4 was opened
